<?xml version="1.0" encoding="UTF-8"?>
<testng-results skipped="0" failed="0" ignored="0" total="1" passed="1">
  <reporter-output>
  </reporter-output>
  <suite name="Suite" duration-ms="29" started-at="2023-04-25T12:41:20 IST" finished-at="2023-04-25T12:41:20 IST">
    <groups>
    </groups>
    <test name="Test" duration-ms="29" started-at="2023-04-25T12:41:20 IST" finished-at="2023-04-25T12:41:20 IST">
      <class name="mavendemopackage.DemoTest">
        <test-method status="PASS" signature="BS()[pri:0, instance:mavendemopackage.DemoTest@167fdd33]" name="BS" is-config="true" duration-ms="7" started-at="2023-04-25T12:41:20 IST" finished-at="2023-04-25T12:41:20 IST">
          <reporter-output>
          </reporter-output>
        </test-method> <!-- BS -->
        <test-method status="PASS" signature="BT()[pri:0, instance:mavendemopackage.DemoTest@167fdd33]" name="BT" is-config="true" duration-ms="0" started-at="2023-04-25T12:41:20 IST" finished-at="2023-04-25T12:41:20 IST">
          <reporter-output>
          </reporter-output>
        </test-method> <!-- BT -->
        <test-method status="PASS" signature="BC()[pri:0, instance:mavendemopackage.DemoTest@167fdd33]" name="BC" is-config="true" duration-ms="1" started-at="2023-04-25T12:41:20 IST" finished-at="2023-04-25T12:41:20 IST">
          <reporter-output>
          </reporter-output>
        </test-method> <!-- BC -->
        <test-method status="PASS" signature="BM()[pri:0, instance:mavendemopackage.DemoTest@167fdd33]" name="BM" is-config="true" duration-ms="0" started-at="2023-04-25T12:41:20 IST" finished-at="2023-04-25T12:41:20 IST">
          <reporter-output>
          </reporter-output>
        </test-method> <!-- BM -->
        <test-method status="PASS" signature="demotest()[pri:0, instance:mavendemopackage.DemoTest@167fdd33]" name="demotest" duration-ms="2" started-at="2023-04-25T12:41:20 IST" finished-at="2023-04-25T12:41:20 IST">
          <reporter-output>
          </reporter-output>
        </test-method> <!-- demotest -->
        <test-method status="PASS" signature="AM()[pri:0, instance:mavendemopackage.DemoTest@167fdd33]" name="AM" is-config="true" duration-ms="0" started-at="2023-04-25T12:41:20 IST" finished-at="2023-04-25T12:41:20 IST">
          <reporter-output>
          </reporter-output>
        </test-method> <!-- AM -->
        <test-method status="PASS" signature="AC()[pri:0, instance:mavendemopackage.DemoTest@167fdd33]" name="AC" is-config="true" duration-ms="1" started-at="2023-04-25T12:41:20 IST" finished-at="2023-04-25T12:41:20 IST">
          <reporter-output>
          </reporter-output>
        </test-method> <!-- AC -->
        <test-method status="PASS" signature="AT()[pri:0, instance:mavendemopackage.DemoTest@167fdd33]" name="AT" is-config="true" duration-ms="1" started-at="2023-04-25T12:41:20 IST" finished-at="2023-04-25T12:41:20 IST">
          <reporter-output>
          </reporter-output>
        </test-method> <!-- AT -->
        <test-method status="PASS" signature="AS()[pri:0, instance:mavendemopackage.DemoTest@167fdd33]" name="AS" is-config="true" duration-ms="0" started-at="2023-04-25T12:41:20 IST" finished-at="2023-04-25T12:41:20 IST">
          <reporter-output>
          </reporter-output>
        </test-method> <!-- AS -->
      </class> <!-- mavendemopackage.DemoTest -->
    </test> <!-- Test -->
  </suite> <!-- Suite -->
</testng-results>
