<?xml version="1.0" encoding="UTF-8"?>
<testng-results ignored="0" total="1" passed="1" failed="0" skipped="0">
  <reporter-output>
  </reporter-output>
  <suite started-at="2023-04-18T21:02:10 IST" name="Surefire suite" finished-at="2023-04-18T21:02:11 IST" duration-ms="60">
    <groups>
    </groups>
    <test started-at="2023-04-18T21:02:10 IST" name="Surefire test" finished-at="2023-04-18T21:02:11 IST" duration-ms="60">
      <class name="mavendemopackage.DemoTest">
        <test-method is-config="true" signature="BS()[pri:0, instance:mavendemopackage.DemoTest@37918c79]" started-at="2023-04-18T21:02:10 IST" name="BS" finished-at="2023-04-18T21:02:10 IST" duration-ms="16" status="PASS">
          <reporter-output>
          </reporter-output>
        </test-method> <!-- BS -->
        <test-method is-config="true" signature="BT()[pri:0, instance:mavendemopackage.DemoTest@37918c79]" started-at="2023-04-18T21:02:10 IST" name="BT" finished-at="2023-04-18T21:02:10 IST" duration-ms="0" status="PASS">
          <reporter-output>
          </reporter-output>
        </test-method> <!-- BT -->
        <test-method is-config="true" signature="BC()[pri:0, instance:mavendemopackage.DemoTest@37918c79]" started-at="2023-04-18T21:02:10 IST" name="BC" finished-at="2023-04-18T21:02:10 IST" duration-ms="0" status="PASS">
          <reporter-output>
          </reporter-output>
        </test-method> <!-- BC -->
        <test-method signature="demotest()[pri:0, instance:mavendemopackage.DemoTest@37918c79]" started-at="2023-04-18T21:02:10 IST" name="demotest" finished-at="2023-04-18T21:02:10 IST" duration-ms="0" status="PASS">
          <reporter-output>
          </reporter-output>
        </test-method> <!-- demotest -->
        <test-method is-config="true" signature="BM()[pri:0, instance:mavendemopackage.DemoTest@37918c79]" started-at="2023-04-18T21:02:10 IST" name="BM" finished-at="2023-04-18T21:02:10 IST" duration-ms="0" status="PASS">
          <reporter-output>
          </reporter-output>
        </test-method> <!-- BM -->
        <test-method is-config="true" signature="AM()[pri:0, instance:mavendemopackage.DemoTest@37918c79]" started-at="2023-04-18T21:02:11 IST" name="AM" finished-at="2023-04-18T21:02:11 IST" duration-ms="1" status="PASS">
          <reporter-output>
          </reporter-output>
        </test-method> <!-- AM -->
        <test-method is-config="true" signature="AC()[pri:0, instance:mavendemopackage.DemoTest@37918c79]" started-at="2023-04-18T21:02:11 IST" name="AC" finished-at="2023-04-18T21:02:11 IST" duration-ms="0" status="PASS">
          <reporter-output>
          </reporter-output>
        </test-method> <!-- AC -->
        <test-method is-config="true" signature="AT()[pri:0, instance:mavendemopackage.DemoTest@37918c79]" started-at="2023-04-18T21:02:11 IST" name="AT" finished-at="2023-04-18T21:02:11 IST" duration-ms="0" status="PASS">
          <reporter-output>
          </reporter-output>
        </test-method> <!-- AT -->
        <test-method is-config="true" signature="AS()[pri:0, instance:mavendemopackage.DemoTest@37918c79]" started-at="2023-04-18T21:02:11 IST" name="AS" finished-at="2023-04-18T21:02:11 IST" duration-ms="0" status="PASS">
          <reporter-output>
          </reporter-output>
        </test-method> <!-- AS -->
      </class> <!-- mavendemopackage.DemoTest -->
    </test> <!-- Surefire test -->
  </suite> <!-- Surefire suite -->
</testng-results>
