<?xml version="1.0" encoding="UTF-8"?>
<testng-results ignored="0" total="1" passed="1" failed="0" skipped="0">
  <reporter-output>
  </reporter-output>
  <suite started-at="2023-04-19T19:47:43 IST" name="Default suite" finished-at="2023-04-19T19:47:47 IST" duration-ms="4251">
    <groups>
    </groups>
    <test started-at="2023-04-19T19:47:43 IST" name="Default test" finished-at="2023-04-19T19:47:47 IST" duration-ms="4251">
      <class name="mavendemopackage.Fetchdatafrommaven">
        <test-method signature="parameters()[pri:0, instance:mavendemopackage.Fetchdatafrommaven@cad498c]" started-at="2023-04-19T19:47:43 IST" name="parameters" finished-at="2023-04-19T19:47:47 IST" duration-ms="4182" status="PASS">
          <reporter-output>
          </reporter-output>
        </test-method> <!-- parameters -->
      </class> <!-- mavendemopackage.Fetchdatafrommaven -->
    </test> <!-- Default test -->
  </suite> <!-- Default suite -->
</testng-results>
